# JRE version: OpenJDK Runtime Environment (8.0_76-b03) (build 1.8.0_76-release-b03)
# Java VM: OpenJDK 64-Bit Server VM (25.76-b03 mixed mode windows-amd64 compressed oops)
Heap:
 PSYoungGen      total 501248K, used 285379K [0x00000000e0000000, 0x00000000ffb00000, 0x0000000100000000)
  eden space 485376K, 58% used [0x00000000e0000000,0x00000000f16b0c10,0x00000000fda00000)
  from space 15872K, 0% used [0x00000000feb80000,0x00000000feb80000,0x00000000ffb00000)
  to   space 16896K, 0% used [0x00000000fda00000,0x00000000fda00000,0x00000000fea80000)
 ParOldGen       total 75264K, used 36152K [0x00000000a0000000, 0x00000000a4980000, 0x00000000e0000000)
  object space 75264K, 48% used [0x00000000a0000000,0x00000000a234e2d8,0x00000000a4980000)
 Metaspace       used 70961K, capacity 75646K, committed 75696K, reserved 1116160K
  class space    used 9033K, capacity 9611K, committed 9648K, reserved 1048576K
GC Heap History (10 events):
Event: 5805.681 GC heap before
{Heap before GC invocations=31 (full 7):
 PSYoungGen      total 503808K, used 1088K [0x00000000e0000000, 0x00000000ffe00000, 0x0000000100000000)
  eden space 485376K, 0% used [0x00000000e0000000,0x00000000e0000000,0x00000000fda00000)
  from space 18432K, 5% used [0x00000000fec00000,0x00000000fed10000,0x00000000ffe00000)
  to   space 18432K, 0% used [0x00000000fda00000,0x00000000fda00000,0x00000000fec00000)
 ParOldGen       total 75264K, used 37681K [0x00000000a0000000, 0x00000000a4980000, 0x00000000e0000000)
  object space 75264K, 50% used [0x00000000a0000000,0x00000000a24cc778,0x00000000a4980000)
 Metaspace       used 69484K, capacity 72596K, committed 72880K, reserved 1112064K
  class space    used 8810K, capacity 9233K, committed 9392K, reserved 1048576K
Event: 5805.949 GC heap after
Heap after GC invocations=31 (full 7):
 PSYoungGen      total 503808K, used 0K [0x00000000e0000000, 0x00000000ffe00000, 0x0000000100000000)
  eden space 485376K, 0% used [0x00000000e0000000,0x00000000e0000000,0x00000000fda00000)
  from space 18432K, 0% used [0x00000000fec00000,0x00000000fec00000,0x00000000ffe00000)
  to   space 18432K, 0% used [0x00000000fda00000,0x00000000fda00000,0x00000000fec00000)
 ParOldGen       total 75264K, used 37063K [0x00000000a0000000, 0x00000000a4980000, 0x00000000e0000000)
  object space 75264K, 49% used [0x00000000a0000000,0x00000000a2431fd8,0x00000000a4980000)
 Metaspace       used 69484K, capacity 72596K, committed 72880K, reserved 1112064K
  class space    used 8810K, capacity 9233K, committed 9392K, reserved 1048576K
}
Event: 6795.771 GC heap before
{Heap before GC invocations=32 (full 7):
 PSYoungGen      total 503808K, used 304990K [0x00000000e0000000, 0x00000000ffe00000, 0x0000000100000000)
  eden space 485376K, 62% used [0x00000000e0000000,0x00000000f29d7990,0x00000000fda00000)
  from space 18432K, 0% used [0x00000000fec00000,0x00000000fec00000,0x00000000ffe00000)
  to   space 18432K, 0% used [0x00000000fda00000,0x00000000fda00000,0x00000000fec00000)
 ParOldGen       total 75264K, used 37063K [0x00000000a0000000, 0x00000000a4980000, 0x00000000e0000000)
  object space 75264K, 49% used [0x00000000a0000000,0x00000000a2431fd8,0x00000000a4980000)
 Metaspace       used 69919K, capacity 73466K, committed 73648K, reserved 1114112K
  class space    used 8859K, capacity 9319K, committed 9392K, reserved 1048576K
Event: 6795.780 GC heap after
Heap after GC invocations=32 (full 7):
 PSYoungGen      total 488448K, used 2880K [0x00000000e0000000, 0x00000000ffd00000, 0x0000000100000000)
  eden space 485376K, 0% used [0x00000000e0000000,0x00000000e0000000,0x00000000fda00000)
  from space 3072K, 93% used [0x00000000fda00000,0x00000000fdcd0368,0x00000000fdd00000)
  to   space 17920K, 0% used [0x00000000feb80000,0x00000000feb80000,0x00000000ffd00000)
 ParOldGen       total 75264K, used 37071K [0x00000000a0000000, 0x00000000a4980000, 0x00000000e0000000)
  object space 75264K, 49% used [0x00000000a0000000,0x00000000a2433fd8,0x00000000a4980000)
 Metaspace       used 69919K, capacity 73466K, committed 73648K, reserved 1114112K
  class space    used 8859K, capacity 9319K, committed 9392K, reserved 1048576K
}
Event: 6795.781 GC heap before
{Heap before GC invocations=33 (full 8):
 PSYoungGen      total 488448K, used 2880K [0x00000000e0000000, 0x00000000ffd00000, 0x0000000100000000)
  eden space 485376K, 0% used [0x00000000e0000000,0x00000000e0000000,0x00000000fda00000)
  from space 3072K, 93% used [0x00000000fda00000,0x00000000fdcd0368,0x00000000fdd00000)
  to   space 17920K, 0% used [0x00000000feb80000,0x00000000feb80000,0x00000000ffd00000)
 ParOldGen       total 75264K, used 37071K [0x00000000a0000000, 0x00000000a4980000, 0x00000000e0000000)
  object space 75264K, 49% used [0x00000000a0000000,0x00000000a2433fd8,0x00000000a4980000)
 Metaspace       used 69919K, capacity 73466K, committed 73648K, reserved 1114112K
  class space    used 8859K, capacity 9319K, committed 9392K, reserved 1048576K
Event: 6796.071 GC heap after
Heap after GC invocations=33 (full 8):
 PSYoungGen      total 488448K, used 0K [0x00000000e0000000, 0x00000000ffd00000, 0x0000000100000000)
  eden space 485376K, 0% used [0x00000000e0000000,0x00000000e0000000,0x00000000fda00000)
  from space 3072K, 0% used [0x00000000fda00000,0x00000000fda00000,0x00000000fdd00000)
  to   space 17920K, 0% used [0x00000000feb80000,0x00000000feb80000,0x00000000ffd00000)
 ParOldGen       total 75264K, used 38634K [0x00000000a0000000, 0x00000000a4980000, 0x00000000e0000000)
  object space 75264K, 51% used [0x00000000a0000000,0x00000000a25babd0,0x00000000a4980000)
 Metaspace       used 69919K, capacity 73466K, committed 73648K, reserved 1114112K
  class space    used 8859K, capacity 9319K, committed 9392K, reserved 1048576K
}
Event: 7198.696 GC heap before
{Heap before GC invocations=34 (full 8):
 PSYoungGen      total 488448K, used 301696K [0x00000000e0000000, 0x00000000ffd00000, 0x0000000100000000)
  eden space 485376K, 62% used [0x00000000e0000000,0x00000000f26a0150,0x00000000fda00000)
  from space 3072K, 0% used [0x00000000fda00000,0x00000000fda00000,0x00000000fdd00000)
  to   space 17920K, 0% used [0x00000000feb80000,0x00000000feb80000,0x00000000ffd00000)
 ParOldGen       total 75264K, used 38634K [0x00000000a0000000, 0x00000000a4980000, 0x00000000e0000000)
  object space 75264K, 51% used [0x00000000a0000000,0x00000000a25babd0,0x00000000a4980000)
 Metaspace       used 70707K, capacity 75066K, committed 75184K, reserved 1114112K
  class space    used 9004K, capacity 9573K, committed 9648K, reserved 1048576K
Event: 7198.702 GC heap after
Heap after GC invocations=34 (full 8):
 PSYoungGen      total 501248K, used 2832K [0x00000000e0000000, 0x00000000ffb00000, 0x0000000100000000)
  eden space 485376K, 0% used [0x00000000e0000000,0x00000000e0000000,0x00000000fda00000)
  from space 15872K, 17% used [0x00000000feb80000,0x00000000fee44010,0x00000000ffb00000)
  to   space 16896K, 0% used [0x00000000fda00000,0x00000000fda00000,0x00000000fea80000)
 ParOldGen       total 75264K, used 38642K [0x00000000a0000000, 0x00000000a4980000, 0x00000000e0000000)
  object space 75264K, 51% used [0x00000000a0000000,0x00000000a25bcbd0,0x00000000a4980000)
 Metaspace       used 70707K, capacity 75066K, committed 75184K, reserved 1114112K
  class space    used 9004K, capacity 9573K, committed 9648K, reserved 1048576K
}
Event: 7198.702 GC heap before
{Heap before GC invocations=35 (full 9):
 PSYoungGen      total 501248K, used 2832K [0x00000000e0000000, 0x00000000ffb00000, 0x0000000100000000)
  eden space 485376K, 0% used [0x00000000e0000000,0x00000000e0000000,0x00000000fda00000)
  from space 15872K, 17% used [0x00000000feb80000,0x00000000fee44010,0x00000000ffb00000)
  to   space 16896K, 0% used [0x00000000fda00000,0x00000000fda00000,0x00000000fea80000)
 ParOldGen       total 75264K, used 38642K [0x00000000a0000000, 0x00000000a4980000, 0x00000000e0000000)
  object space 75264K, 51% used [0x00000000a0000000,0x00000000a25bcbd0,0x00000000a4980000)
 Metaspace       used 70707K, capacity 75066K, committed 75184K, reserved 1114112K
  class space    used 9004K, capacity 9573K, committed 9648K, reserved 1048576K
Event: 7199.193 GC heap after
Heap after GC invocations=35 (full 9):
 PSYoungGen      total 501248K, used 0K [0x00000000e0000000, 0x00000000ffb00000, 0x0000000100000000)
  eden space 485376K, 0% used [0x00000000e0000000,0x00000000e0000000,0x00000000fda00000)
  from space 15872K, 0% used [0x00000000feb80000,0x00000000feb80000,0x00000000ffb00000)
  to   space 16896K, 0% used [0x00000000fda00000,0x00000000fda00000,0x00000000fea80000)
 ParOldGen       total 75264K, used 36152K [0x00000000a0000000, 0x00000000a4980000, 0x00000000e0000000)
  object space 75264K, 48% used [0x00000000a0000000,0x00000000a234e2d8,0x00000000a4980000)
 Metaspace       used 70520K, capacity 74784K, committed 75184K, reserved 1114112K
  class space    used 8977K, capacity 9523K, committed 9648K, reserved 1048576K
}

