# JRE version: OpenJDK Runtime Environment (8.0_76-b03) (build 1.8.0_76-release-b03)
# Java VM: OpenJDK 64-Bit Server VM (25.76-b03 mixed mode windows-amd64 compressed oops)
Heap:
 PSYoungGen      total 454144K, used 128470K [0x00000000e0000000, 0x0000000100000000, 0x0000000100000000)
  eden space 387072K, 33% used [0x00000000e0000000,0x00000000e7d758a0,0x00000000f7a00000)
  from space 67072K, 0% used [0x00000000f7a00000,0x00000000f7a00000,0x00000000fbb80000)
  to   space 65536K, 0% used [0x00000000fc000000,0x00000000fc000000,0x0000000100000000)
 ParOldGen       total 210432K, used 61661K [0x00000000a0000000, 0x00000000acd80000, 0x00000000e0000000)
  object space 210432K, 29% used [0x00000000a0000000,0x00000000a3c37658,0x00000000acd80000)
 Metaspace       used 78933K, capacity 82850K, committed 84784K, reserved 1122304K
  class space    used 10093K, capacity 10841K, committed 11312K, reserved 1048576K
GC Heap History (10 events):
Event: 700.558 GC heap before
{Heap before GC invocations=32 (full 7):
 PSYoungGen      total 454144K, used 245K [0x00000000e0000000, 0x0000000100000000, 0x0000000100000000)
  eden space 384000K, 0% used [0x00000000e0000000,0x00000000e0000000,0x00000000f7700000)
  from space 70144K, 0% used [0x00000000f7700000,0x00000000f773d5d0,0x00000000fbb80000)
  to   space 70144K, 0% used [0x00000000fbb80000,0x00000000fbb80000,0x0000000100000000)
 ParOldGen       total 210432K, used 88772K [0x00000000a0000000, 0x00000000acd80000, 0x00000000e0000000)
  object space 210432K, 42% used [0x00000000a0000000,0x00000000a56b1020,0x00000000acd80000)
 Metaspace       used 72650K, capacity 75984K, committed 76208K, reserved 1116160K
  class space    used 9378K, capacity 10064K, committed 10160K, reserved 1048576K
Event: 700.839 GC heap after
Heap after GC invocations=32 (full 7):
 PSYoungGen      total 454144K, used 0K [0x00000000e0000000, 0x0000000100000000, 0x0000000100000000)
  eden space 384000K, 0% used [0x00000000e0000000,0x00000000e0000000,0x00000000f7700000)
  from space 70144K, 0% used [0x00000000f7700000,0x00000000f7700000,0x00000000fbb80000)
  to   space 70144K, 0% used [0x00000000fbb80000,0x00000000fbb80000,0x0000000100000000)
 ParOldGen       total 210432K, used 60713K [0x00000000a0000000, 0x00000000acd80000, 0x00000000e0000000)
  object space 210432K, 28% used [0x00000000a0000000,0x00000000a3b4a7b8,0x00000000acd80000)
 Metaspace       used 72650K, capacity 75984K, committed 76208K, reserved 1116160K
  class space    used 9378K, capacity 10064K, committed 10160K, reserved 1048576K
}
Event: 1016.467 GC heap before
{Heap before GC invocations=33 (full 7):
 PSYoungGen      total 454144K, used 172455K [0x00000000e0000000, 0x0000000100000000, 0x0000000100000000)
  eden space 384000K, 44% used [0x00000000e0000000,0x00000000ea869ec0,0x00000000f7700000)
  from space 70144K, 0% used [0x00000000f7700000,0x00000000f7700000,0x00000000fbb80000)
  to   space 70144K, 0% used [0x00000000fbb80000,0x00000000fbb80000,0x0000000100000000)
 ParOldGen       total 210432K, used 60713K [0x00000000a0000000, 0x00000000acd80000, 0x00000000e0000000)
  object space 210432K, 28% used [0x00000000a0000000,0x00000000a3b4a7b8,0x00000000acd80000)
 Metaspace       used 79361K, capacity 83278K, committed 83504K, reserved 1122304K
  class space    used 10217K, capacity 11023K, committed 11056K, reserved 1048576K
Event: 1016.487 GC heap after
Heap after GC invocations=33 (full 7):
 PSYoungGen      total 457216K, used 13410K [0x00000000e0000000, 0x0000000100000000, 0x0000000100000000)
  eden space 387072K, 0% used [0x00000000e0000000,0x00000000e0000000,0x00000000f7a00000)
  from space 70144K, 19% used [0x00000000fbb80000,0x00000000fc898a70,0x0000000100000000)
  to   space 67072K, 0% used [0x00000000f7a00000,0x00000000f7a00000,0x00000000fbb80000)
 ParOldGen       total 210432K, used 60741K [0x00000000a0000000, 0x00000000acd80000, 0x00000000e0000000)
  object space 210432K, 28% used [0x00000000a0000000,0x00000000a3b51408,0x00000000acd80000)
 Metaspace       used 79361K, capacity 83278K, committed 83504K, reserved 1122304K
  class space    used 10217K, capacity 11023K, committed 11056K, reserved 1048576K
}
Event: 1016.487 GC heap before
{Heap before GC invocations=34 (full 8):
 PSYoungGen      total 457216K, used 13410K [0x00000000e0000000, 0x0000000100000000, 0x0000000100000000)
  eden space 387072K, 0% used [0x00000000e0000000,0x00000000e0000000,0x00000000f7a00000)
  from space 70144K, 19% used [0x00000000fbb80000,0x00000000fc898a70,0x0000000100000000)
  to   space 67072K, 0% used [0x00000000f7a00000,0x00000000f7a00000,0x00000000fbb80000)
 ParOldGen       total 210432K, used 60741K [0x00000000a0000000, 0x00000000acd80000, 0x00000000e0000000)
  object space 210432K, 28% used [0x00000000a0000000,0x00000000a3b51408,0x00000000acd80000)
 Metaspace       used 79361K, capacity 83278K, committed 83504K, reserved 1122304K
  class space    used 10217K, capacity 11023K, committed 11056K, reserved 1048576K
Event: 1017.163 GC heap after
Heap after GC invocations=34 (full 8):
 PSYoungGen      total 457216K, used 0K [0x00000000e0000000, 0x0000000100000000, 0x0000000100000000)
  eden space 387072K, 0% used [0x00000000e0000000,0x00000000e0000000,0x00000000f7a00000)
  from space 70144K, 0% used [0x00000000fbb80000,0x00000000fbb80000,0x0000000100000000)
  to   space 67072K, 0% used [0x00000000f7a00000,0x00000000f7a00000,0x00000000fbb80000)
 ParOldGen       total 210432K, used 73483K [0x00000000a0000000, 0x00000000acd80000, 0x00000000e0000000)
  object space 210432K, 34% used [0x00000000a0000000,0x00000000a47c2f78,0x00000000acd80000)
 Metaspace       used 79334K, capacity 83190K, committed 83504K, reserved 1122304K
  class space    used 10209K, capacity 11015K, committed 11056K, reserved 1048576K
}
Event: 1996.336 GC heap before
{Heap before GC invocations=35 (full 8):
 PSYoungGen      total 457216K, used 151902K [0x00000000e0000000, 0x0000000100000000, 0x0000000100000000)
  eden space 387072K, 39% used [0x00000000e0000000,0x00000000e9457840,0x00000000f7a00000)
  from space 70144K, 0% used [0x00000000fbb80000,0x00000000fbb80000,0x0000000100000000)
  to   space 67072K, 0% used [0x00000000f7a00000,0x00000000f7a00000,0x00000000fbb80000)
 ParOldGen       total 210432K, used 73483K [0x00000000a0000000, 0x00000000acd80000, 0x00000000e0000000)
  object space 210432K, 34% used [0x00000000a0000000,0x00000000a47c2f78,0x00000000acd80000)
 Metaspace       used 80401K, capacity 84570K, committed 84784K, reserved 1122304K
  class space    used 10369K, capacity 11253K, committed 11312K, reserved 1048576K
Event: 1996.346 GC heap after
Heap after GC invocations=35 (full 8):
 PSYoungGen      total 454144K, used 6691K [0x00000000e0000000, 0x0000000100000000, 0x0000000100000000)
  eden space 387072K, 0% used [0x00000000e0000000,0x00000000e0000000,0x00000000f7a00000)
  from space 67072K, 9% used [0x00000000f7a00000,0x00000000f8088d68,0x00000000fbb80000)
  to   space 65536K, 0% used [0x00000000fc000000,0x00000000fc000000,0x0000000100000000)
 ParOldGen       total 210432K, used 73491K [0x00000000a0000000, 0x00000000acd80000, 0x00000000e0000000)
  object space 210432K, 34% used [0x00000000a0000000,0x00000000a47c4f78,0x00000000acd80000)
 Metaspace       used 80401K, capacity 84570K, committed 84784K, reserved 1122304K
  class space    used 10369K, capacity 11253K, committed 11312K, reserved 1048576K
}
Event: 1996.346 GC heap before
{Heap before GC invocations=36 (full 9):
 PSYoungGen      total 454144K, used 6691K [0x00000000e0000000, 0x0000000100000000, 0x0000000100000000)
  eden space 387072K, 0% used [0x00000000e0000000,0x00000000e0000000,0x00000000f7a00000)
  from space 67072K, 9% used [0x00000000f7a00000,0x00000000f8088d68,0x00000000fbb80000)
  to   space 65536K, 0% used [0x00000000fc000000,0x00000000fc000000,0x0000000100000000)
 ParOldGen       total 210432K, used 73491K [0x00000000a0000000, 0x00000000acd80000, 0x00000000e0000000)
  object space 210432K, 34% used [0x00000000a0000000,0x00000000a47c4f78,0x00000000acd80000)
 Metaspace       used 80401K, capacity 84570K, committed 84784K, reserved 1122304K
  class space    used 10369K, capacity 11253K, committed 11312K, reserved 1048576K
Event: 1996.956 GC heap after
Heap after GC invocations=36 (full 9):
 PSYoungGen      total 454144K, used 0K [0x00000000e0000000, 0x0000000100000000, 0x0000000100000000)
  eden space 387072K, 0% used [0x00000000e0000000,0x00000000e0000000,0x00000000f7a00000)
  from space 67072K, 0% used [0x00000000f7a00000,0x00000000f7a00000,0x00000000fbb80000)
  to   space 65536K, 0% used [0x00000000fc000000,0x00000000fc000000,0x0000000100000000)
 ParOldGen       total 210432K, used 61661K [0x00000000a0000000, 0x00000000acd80000, 0x00000000e0000000)
  object space 210432K, 29% used [0x00000000a0000000,0x00000000a3c37658,0x00000000acd80000)
 Metaspace       used 78711K, capacity 82324K, committed 84784K, reserved 1122304K
  class space    used 10063K, capacity 10792K, committed 11312K, reserved 1048576K
}

